000 (16873263.000.000) 2023-05-10 23:41:30 Job submitted from host: <128.105.244.191:9618?addrs=128.105.244.191-9618&alias=submit-1.chtc.wisc.edu&noUDP&sock=schedd_8137_e238>
...
040 (16873263.000.000) 2023-05-10 23:41:41 Started transferring input files
	Transferring to host: <128.105.68.23:9618?addrs=128.105.68.23-9618+[2607-f388-2200-100-3eec-efff-fe0c-50a0]-9618&alias=gpulab2004.chtc.wisc.edu&noUDP&sock=slot1_1_12277_01cc_39843>
...
040 (16873263.000.000) 2023-05-10 23:41:41 Finished transferring input files
...
001 (16873263.000.000) 2023-05-10 23:41:42 Job executing on host: <128.105.68.23:9618?addrs=128.105.68.23-9618+[2607-f388-2200-100-3eec-efff-fe0c-50a0]-9618&alias=gpulab2004.chtc.wisc.edu&noUDP&sock=startd_10178_d704>
...
006 (16873263.000.000) 2023-05-10 23:41:50 Image size of job updated: 269
	269  -  MemoryUsage of job (MB)
	275608  -  ResidentSetSize of job (KB)
...
006 (16873263.000.000) 2023-05-10 23:45:19 Image size of job updated: 6829
	6829  -  MemoryUsage of job (MB)
	6993476  -  ResidentSetSize of job (KB)
...
040 (16873263.000.000) 2023-05-10 23:45:19 Started transferring output files
...
040 (16873263.000.000) 2023-05-10 23:45:19 Finished transferring output files
...
005 (16873263.000.000) 2023-05-10 23:45:20 Job terminated.
	(1) Normal termination (return value 1)
		Usr 0 00:00:03, Sys 0 00:00:01  -  Run Remote Usage
		Usr 0 00:00:00, Sys 0 00:00:00  -  Run Local Usage
		Usr 0 00:00:03, Sys 0 00:00:01  -  Total Remote Usage
		Usr 0 00:00:00, Sys 0 00:00:00  -  Total Local Usage
	61211  -  Run Bytes Sent By Job
	675591  -  Run Bytes Received By Job
	61211  -  Total Bytes Sent By Job
	675591  -  Total Bytes Received By Job
	Partitionable Resources :    Usage    Request  Allocated Assigned
	   Cpus                 :        0          1          1 
	   Disk (KB)            :  4360969 1073741824 1077521854 
	   Gpus (Average)       :                   1          1 "GPU-124d06a7"
	   IoHeavy              :                              0 
	   Memory (MB)          :     6829     102400     102400 

	Job terminated of its own accord at 2023-05-11T04:45:19Z with exit-code 1.
...
