000 (16870490.000.000) 2023-05-08 01:37:09 Job submitted from host: <128.105.244.191:9618?addrs=128.105.244.191-9618&alias=submit-1.chtc.wisc.edu&noUDP&sock=schedd_8116_7abb>
...
040 (16870490.000.000) 2023-05-08 03:29:46 Started transferring input files
	Transferring to host: <128.105.68.23:9618?addrs=128.105.68.23-9618+[2607-f388-2200-100-3eec-efff-fe0c-50a0]-9618&alias=gpulab2004.chtc.wisc.edu&noUDP&sock=slot1_3_12277_01cc_17148>
...
040 (16870490.000.000) 2023-05-08 03:29:46 Finished transferring input files
...
001 (16870490.000.000) 2023-05-08 03:29:47 Job executing on host: <128.105.68.23:9618?addrs=128.105.68.23-9618+[2607-f388-2200-100-3eec-efff-fe0c-50a0]-9618&alias=gpulab2004.chtc.wisc.edu&noUDP&sock=startd_10178_d704>
...
006 (16870490.000.000) 2023-05-08 03:29:55 Image size of job updated: 279
	279  -  MemoryUsage of job (MB)
	286712  -  ResidentSetSize of job (KB)
...
006 (16870490.000.000) 2023-05-08 03:30:27 Image size of job updated: 518
	518  -  MemoryUsage of job (MB)
	531416  -  ResidentSetSize of job (KB)
...
040 (16870490.000.000) 2023-05-08 03:30:30 Started transferring output files
...
040 (16870490.000.000) 2023-05-08 03:30:31 Finished transferring output files
...
005 (16870490.000.000) 2023-05-08 03:30:32 Job terminated.
	(1) Normal termination (return value 1)
		Usr 0 00:00:05, Sys 0 00:00:01  -  Run Remote Usage
		Usr 0 00:00:00, Sys 0 00:00:00  -  Run Local Usage
		Usr 0 00:00:05, Sys 0 00:00:01  -  Total Remote Usage
		Usr 0 00:00:00, Sys 0 00:00:00  -  Total Local Usage
	19378  -  Run Bytes Sent By Job
	675596  -  Run Bytes Received By Job
	19378  -  Total Bytes Sent By Job
	675596  -  Total Bytes Received By Job
	Partitionable Resources :    Usage    Request  Allocated Assigned
	   Cpus                 :        0          1          1 
	   Disk (KB)            :   358679 1073741824 1077521854 
	   Gpus (Average)       :        0          1          1 "GPU-20e62ffc"
	   IoHeavy              :                              0 
	   Memory (MB)          :      518     102400     102400 

	Job terminated of its own accord at 2023-05-08T08:30:27Z with exit-code 1.
...
