
=============
== PyTorch ==
=============

NVIDIA Release 23.03 (build 55416458)
PyTorch Version 2.0.0a0+1767026

Container image Copyright (c) 2023, NVIDIA CORPORATION & AFFILIATES. All rights reserved.

Copyright (c) 2014-2023 Facebook Inc.
Copyright (c) 2011-2014 Idiap Research Institute (Ronan Collobert)
Copyright (c) 2012-2014 Deepmind Technologies    (Koray Kavukcuoglu)
Copyright (c) 2011-2012 NEC Laboratories America (Koray Kavukcuoglu)
Copyright (c) 2011-2013 NYU                      (Clement Farabet)
Copyright (c) 2006-2010 NEC Laboratories America (Ronan Collobert, Leon Bottou, Iain Melvin, Jason Weston)
Copyright (c) 2006      Idiap Research Institute (Samy Bengio)
Copyright (c) 2001-2004 Idiap Research Institute (Ronan Collobert, Samy Bengio, Johnny Mariethoz)
Copyright (c) 2015      Google Inc.
Copyright (c) 2015      Yangqing Jia
Copyright (c) 2013-2016 The Caffe contributors
All rights reserved.

Various files include modifications (c) NVIDIA CORPORATION & AFFILIATES.  All rights reserved.

This container image and its contents are governed by the NVIDIA Deep Learning Container License.
By pulling and using the container, you accept the terms and conditions of this license:
https://developer.nvidia.com/ngc/nvidia-deep-learning-container-license

trained_tok/
trained_tok/tokenizer.json
trained_tok/special_tokens_map.json
trained_tok/tokenizer_config.json
Ready to finetune
Loading WikiSQL Dataset
Downloading and preparing dataset wikisql/default to /var/lib/condor/execute/slot1/dir_57248/.cache/huggingface/datasets/wikisql/default/0.1.0/7037bfe6a42b1ca2b6ac3ccacba5253b1825d31379e9cc626fc79a620977252d...
Dataset wikisql downloaded and prepared to /var/lib/condor/execute/slot1/dir_57248/.cache/huggingface/datasets/wikisql/default/0.1.0/7037bfe6a42b1ca2b6ac3ccacba5253b1825d31379e9cc626fc79a620977252d. Subsequent calls will reuse this data.
Spider Dataset Loaded
Model_name:  google/flan-t5-base
Loading Tokenizer...
