000 (16873753.000.000) 2023-05-11 16:11:09 Job submitted from host: <128.105.244.191:9618?addrs=128.105.244.191-9618&alias=submit-1.chtc.wisc.edu&noUDP&sock=schedd_8137_e238>
...
040 (16873753.000.000) 2023-05-12 03:36:07 Started transferring input files
	Transferring to host: <128.105.68.23:9618?addrs=128.105.68.23-9618+[2607-f388-2200-100-3eec-efff-fe0c-50a0]-9618&alias=gpulab2004.chtc.wisc.edu&noUDP&sock=slot1_1_12277_01cc_52459>
...
040 (16873753.000.000) 2023-05-12 03:36:07 Finished transferring input files
...
001 (16873753.000.000) 2023-05-12 03:36:08 Job executing on host: <128.105.68.23:9618?addrs=128.105.68.23-9618+[2607-f388-2200-100-3eec-efff-fe0c-50a0]-9618&alias=gpulab2004.chtc.wisc.edu&noUDP&sock=startd_10178_d704>
...
006 (16873753.000.000) 2023-05-12 03:36:17 Image size of job updated: 283
	283  -  MemoryUsage of job (MB)
	290460  -  ResidentSetSize of job (KB)
...
006 (16873753.000.000) 2023-05-12 03:37:09 Image size of job updated: 6297
	6297  -  MemoryUsage of job (MB)
	6449080  -  ResidentSetSize of job (KB)
...
040 (16873753.000.000) 2023-05-12 03:37:09 Started transferring output files
...
040 (16873753.000.000) 2023-05-12 03:37:09 Finished transferring output files
...
005 (16873753.000.000) 2023-05-12 03:37:11 Job terminated.
	(1) Normal termination (return value 1)
		Usr 0 00:00:06, Sys 0 00:00:01  -  Run Remote Usage
		Usr 0 00:00:00, Sys 0 00:00:00  -  Run Local Usage
		Usr 0 00:00:06, Sys 0 00:00:01  -  Total Remote Usage
		Usr 0 00:00:00, Sys 0 00:00:00  -  Total Local Usage
	27555  -  Run Bytes Sent By Job
	988711  -  Run Bytes Received By Job
	27555  -  Total Bytes Sent By Job
	988711  -  Total Bytes Received By Job
	Partitionable Resources :      Usage    Request  Allocated Assigned
	   Cpus                 :       0.00          2          2 
	   Disk (KB)            : 4199271    1073741824 1077521854 
	   Gpus (Average)       :       0.00          2          2 "GPU-124d06a7,GPU-8f9c2d75"
	   GpusMemory (MB)      :     587                          
	   IoHeavy              :                                0 
	   Memory (MB)          :    6297        512000     512000 

	Job terminated of its own accord at 2023-05-12T08:37:09Z with exit-code 1.
...
