000 (16873748.000.000) 2023-05-11 16:03:21 Job submitted from host: <128.105.244.191:9618?addrs=128.105.244.191-9618&alias=submit-1.chtc.wisc.edu&noUDP&sock=schedd_8137_e238>
...
040 (16873748.000.000) 2023-05-11 16:04:12 Started transferring input files
	Transferring to host: <128.105.68.23:9618?addrs=128.105.68.23-9618+[2607-f388-2200-100-3eec-efff-fe0c-50a0]-9618&alias=gpulab2004.chtc.wisc.edu&noUDP&sock=slot1_3_12277_01cc_46580>
...
040 (16873748.000.000) 2023-05-11 16:04:12 Finished transferring input files
...
001 (16873748.000.000) 2023-05-11 16:04:13 Job executing on host: <128.105.68.23:9618?addrs=128.105.68.23-9618+[2607-f388-2200-100-3eec-efff-fe0c-50a0]-9618&alias=gpulab2004.chtc.wisc.edu&noUDP&sock=startd_10178_d704>
...
006 (16873748.000.000) 2023-05-11 16:04:21 Image size of job updated: 251
	251  -  MemoryUsage of job (MB)
	257752  -  ResidentSetSize of job (KB)
...
006 (16873748.000.000) 2023-05-11 16:04:32 Image size of job updated: 342
	342  -  MemoryUsage of job (MB)
	350788  -  ResidentSetSize of job (KB)
...
040 (16873748.000.000) 2023-05-11 16:04:32 Started transferring output files
...
040 (16873748.000.000) 2023-05-11 16:04:32 Finished transferring output files
...
005 (16873748.000.000) 2023-05-11 16:04:35 Job terminated.
	(1) Normal termination (return value 1)
		Usr 0 00:00:04, Sys 0 00:00:01  -  Run Remote Usage
		Usr 0 00:00:00, Sys 0 00:00:00  -  Run Local Usage
		Usr 0 00:00:04, Sys 0 00:00:01  -  Total Remote Usage
		Usr 0 00:00:00, Sys 0 00:00:00  -  Total Local Usage
	6067  -  Run Bytes Sent By Job
	988681  -  Run Bytes Received By Job
	6067  -  Total Bytes Sent By Job
	988681  -  Total Bytes Received By Job
	Partitionable Resources :      Usage    Request  Allocated Assigned
	   Cpus                 :       0.05          1          1 
	   Disk (KB)            : 1001720    1073741824 1077521854 
	   Gpus (Average)       :                     1          1 "GPU-20e62ffc"
	   IoHeavy              :                                0 
	   Memory (MB)          :     342        512000     512000 

	Job terminated of its own accord at 2023-05-11T21:04:32Z with exit-code 1.
...
