000 (16873750.000.000) 2023-05-11 16:06:04 Job submitted from host: <128.105.244.191:9618?addrs=128.105.244.191-9618&alias=submit-1.chtc.wisc.edu&noUDP&sock=schedd_8137_e238>
...
040 (16873750.000.000) 2023-05-11 16:07:17 Started transferring input files
	Transferring to host: <128.105.68.23:9618?addrs=128.105.68.23-9618+[2607-f388-2200-100-3eec-efff-fe0c-50a0]-9618&alias=gpulab2004.chtc.wisc.edu&noUDP&sock=slot1_3_12277_01cc_46594>
...
040 (16873750.000.000) 2023-05-11 16:07:17 Finished transferring input files
...
001 (16873750.000.000) 2023-05-11 16:07:18 Job executing on host: <128.105.68.23:9618?addrs=128.105.68.23-9618+[2607-f388-2200-100-3eec-efff-fe0c-50a0]-9618&alias=gpulab2004.chtc.wisc.edu&noUDP&sock=startd_10178_d704>
...
006 (16873750.000.000) 2023-05-11 16:07:27 Image size of job updated: 283
	283  -  MemoryUsage of job (MB)
	289828  -  ResidentSetSize of job (KB)
...
006 (16873750.000.000) 2023-05-11 16:08:12 Image size of job updated: 6068
	6068  -  MemoryUsage of job (MB)
	6214132  -  ResidentSetSize of job (KB)
...
040 (16873750.000.000) 2023-05-11 16:08:12 Started transferring output files
...
040 (16873750.000.000) 2023-05-11 16:08:12 Finished transferring output files
...
005 (16873750.000.000) 2023-05-11 16:08:14 Job terminated.
	(1) Normal termination (return value 1)
		Usr 0 00:00:37, Sys 0 00:00:08  -  Run Remote Usage
		Usr 0 00:00:00, Sys 0 00:00:00  -  Run Local Usage
		Usr 0 00:00:37, Sys 0 00:00:08  -  Total Remote Usage
		Usr 0 00:00:00, Sys 0 00:00:00  -  Total Local Usage
	34059  -  Run Bytes Sent By Job
	988711  -  Run Bytes Received By Job
	34059  -  Total Bytes Sent By Job
	988711  -  Total Bytes Received By Job
	Partitionable Resources :      Usage    Request  Allocated Assigned
	   Cpus                 :       0             1          1 
	   Disk (KB)            : 4199264    1073741824 1077521854 
	   Gpus (Average)       :       0.12          1          1 "GPU-20e62ffc"
	   GpusMemory (MB)      :     587                          
	   IoHeavy              :                                0 
	   Memory (MB)          :    6068        512000     512000 

	Job terminated of its own accord at 2023-05-11T21:08:12Z with exit-code 1.
...
